<?xml version="1.0" encoding="UTF-8"?>
<robot generator="Robot 7.0 (Python 3.12.3 on darwin)" generated="2024-07-09T21:26:17.766720" rpa="false" schemaversion="5">
<suite id="s1" name="loginTest" source="/Users/neosoft/PycharmProjects/UI-Automation/testCase/loginTest.robot">
<test id="s1-t1" name="validate successful login" line="6">
<kw name="open the website">
<kw name="Create Webdriver" owner="SeleniumLibrary">
<msg time="2024-07-09T21:26:18.052395" level="INFO">Creating an instance of the Firefox WebDriver.</msg>
<arg>Firefox</arg>
<doc>Creates an instance of Selenium WebDriver.</doc>
<status status="PASS" start="2024-07-09T21:26:18.052145" elapsed="4.986640"/>
</kw>
<kw name="Go To" owner="SeleniumLibrary">
<msg time="2024-07-09T21:26:23.040964" level="INFO">Opening url 'https://ca-stg.marecrew.com/search?searchTerm=&amp;searchEntities=Seafarer'</msg>
<arg>https://ca-stg.marecrew.com/search?searchTerm=&amp;searchEntities=Seafarer</arg>
<doc>Navigates the current browser window to the provided ``url``.</doc>
<status status="PASS" start="2024-07-09T21:26:23.040131" elapsed="150.162940"/>
</kw>
<status status="PASS" start="2024-07-09T21:26:18.051289" elapsed="155.152283"/>
</kw>
<kw name="enter user credentials">
<kw name="Wait Until Element Is Visible" owner="SeleniumLibrary">
<msg time="2024-07-09T21:28:58.498051" level="INFO" html="true">&lt;/td&gt;&lt;/tr&gt;&lt;tr&gt;&lt;td colspan="3"&gt;&lt;a href="selenium-screenshot-1.png"&gt;&lt;img src="selenium-screenshot-1.png" width="800px"&gt;&lt;/a&gt;</msg>
<msg time="2024-07-09T21:28:58.498660" level="FAIL">Element 'id:password' not visible after 5 seconds.</msg>
<arg>id:password</arg>
<doc>Waits until the element ``locator`` is visible.</doc>
<status status="FAIL" start="2024-07-09T21:28:53.205039" elapsed="5.299281">Element 'id:password' not visible after 5 seconds.</status>
</kw>
<kw name="Input Text" owner="SeleniumLibrary">
<arg>id:username</arg>
<arg>userlevel5</arg>
<doc>Types the given ``text`` into the text field identified by ``locator``.</doc>
<status status="NOT RUN" start="2024-07-09T21:28:58.504624" elapsed="0.000090"/>
</kw>
<kw name="Input Password" owner="SeleniumLibrary">
<arg>id:password</arg>
<arg>Test1234!</arg>
<doc>Types the given password into the text field identified by ``locator``.</doc>
<status status="NOT RUN" start="2024-07-09T21:28:58.504852" elapsed="0.000057"/>
</kw>
<kw name="Click Button" owner="SeleniumLibrary">
<arg>xpath://button[@type='submit']</arg>
<doc>Clicks the button identified by ``locator``.</doc>
<status status="NOT RUN" start="2024-07-09T21:28:58.505071" elapsed="0.000056"/>
</kw>
<status status="FAIL" start="2024-07-09T21:28:53.204254" elapsed="5.301147">Element 'id:password' not visible after 5 seconds.</status>
</kw>
<kw name="validate user login successfully">
<status status="NOT RUN" start="2024-07-09T21:28:58.505757" elapsed="0.000131"/>
</kw>
<status status="FAIL" start="2024-07-09T21:26:18.050670" elapsed="160.455640">Element 'id:password' not visible after 5 seconds.</status>
</test>
<test id="s1-t2" name="validate successful login" line="11">
<kw name="open the website">
<kw name="Create Webdriver" owner="SeleniumLibrary">
<msg time="2024-07-09T21:28:58.511711" level="INFO">Creating an instance of the Firefox WebDriver.</msg>
<arg>Firefox</arg>
<doc>Creates an instance of Selenium WebDriver.</doc>
<status status="PASS" start="2024-07-09T21:28:58.511429" elapsed="3.535446"/>
</kw>
<kw name="Go To" owner="SeleniumLibrary">
<msg time="2024-07-09T21:29:02.048160" level="INFO">Opening url 'https://ca-stg.marecrew.com/search?searchTerm=&amp;searchEntities=Seafarer'</msg>
<arg>https://ca-stg.marecrew.com/search?searchTerm=&amp;searchEntities=Seafarer</arg>
<doc>Navigates the current browser window to the provided ``url``.</doc>
<status status="PASS" start="2024-07-09T21:29:02.047632" elapsed="11.403400"/>
</kw>
<status status="PASS" start="2024-07-09T21:28:58.510988" elapsed="14.940239"/>
</kw>
<kw name="enter invalid user credentials">
<kw name="Wait Until Element Is Visible" owner="SeleniumLibrary">
<arg>id:password</arg>
<doc>Waits until the element ``locator`` is visible.</doc>
<status status="PASS" start="2024-07-09T21:29:13.451897" elapsed="0.487830"/>
</kw>
<kw name="Input Text" owner="SeleniumLibrary">
<msg time="2024-07-09T21:29:13.940322" level="INFO">Typing text 'userlevel5' into text field 'id:username'.</msg>
<arg>id:username</arg>
<arg>userlevel5</arg>
<doc>Types the given ``text`` into the text field identified by ``locator``.</doc>
<status status="PASS" start="2024-07-09T21:29:13.939994" elapsed="0.064568"/>
</kw>
<kw name="Input Password" owner="SeleniumLibrary">
<msg time="2024-07-09T21:29:14.005420" level="INFO">Typing password into text field 'id:password'.</msg>
<msg time="2024-07-09T21:29:14.024975" level="INFO">Temporally setting log level to: NONE</msg>
<arg>id:password</arg>
<arg>Test1234</arg>
<doc>Types the given password into the text field identified by ``locator``.</doc>
<status status="PASS" start="2024-07-09T21:29:14.004963" elapsed="0.045805"/>
</kw>
<kw name="Click Button" owner="SeleniumLibrary">
<msg time="2024-07-09T21:29:14.052192" level="INFO">Clicking button 'xpath://button[@type='submit']'.</msg>
<arg>xpath://button[@type='submit']</arg>
<doc>Clicks the button identified by ``locator``.</doc>
<status status="PASS" start="2024-07-09T21:29:14.051436" elapsed="0.886438"/>
</kw>
<status status="PASS" start="2024-07-09T21:29:13.451499" elapsed="1.486636"/>
</kw>
<kw name="validate user login successfully">
<kw name="Wait Until Element Is Visible" owner="SeleniumLibrary">
<msg time="2024-07-09T21:29:20.166644" level="INFO" html="true">&lt;/td&gt;&lt;/tr&gt;&lt;tr&gt;&lt;td colspan="3"&gt;&lt;a href="selenium-screenshot-2.png"&gt;&lt;img src="selenium-screenshot-2.png" width="800px"&gt;&lt;/a&gt;</msg>
<msg time="2024-07-09T21:29:20.166977" level="FAIL">Element 'xpath://div[@data-testid='avatar-component']' not visible after 5 seconds.</msg>
<arg>xpath://div[@data-testid='avatar-component']</arg>
<doc>Waits until the element ``locator`` is visible.</doc>
<status status="FAIL" start="2024-07-09T21:29:14.938867" elapsed="5.230104">Element 'xpath://div[@data-testid='avatar-component']' not visible after 5 seconds.</status>
</kw>
<status status="FAIL" start="2024-07-09T21:29:14.938415" elapsed="5.230944">Element 'xpath://div[@data-testid='avatar-component']' not visible after 5 seconds.</status>
</kw>
<status status="FAIL" start="2024-07-09T21:28:58.509740" elapsed="21.659927">Element 'xpath://div[@data-testid='avatar-component']' not visible after 5 seconds.</status>
</test>
<doc>To validate login form</doc>
<status status="FAIL" start="2024-07-09T21:26:17.785158" elapsed="182.385261"/>
</suite>
<statistics>
<total>
<stat pass="0" fail="2" skip="0">All Tests</stat>
</total>
<tag>
</tag>
<suite>
<stat pass="0" fail="2" skip="0" id="s1" name="loginTest">loginTest</stat>
</suite>
</statistics>
<errors>
<msg time="2024-07-09T21:28:58.509263" level="WARN">Multiple tests with name 'validate successful login' executed in suite 'loginTest'.</msg>
</errors>
</robot>
