<?xml version="1.0" encoding="UTF-8"?>
<robot generator="Robot 7.0 (Python 3.12.3 on darwin)" generated="2024-07-09T21:26:17.754470" rpa="false" schemaversion="5">
<suite id="s1" name="loginTest" source="/Users/neosoft/PycharmProjects/UI-Automation/testCase/loginTest.robot">
<test id="s1-t1" name="validate successful login" line="6">
<kw name="open the website">
<kw name="Create Webdriver" owner="SeleniumLibrary">
<msg time="2024-07-09T21:26:18.052984" level="INFO">Creating an instance of the Firefox WebDriver.</msg>
<arg>Firefox</arg>
<doc>Creates an instance of Selenium WebDriver.</doc>
<status status="PASS" start="2024-07-09T21:26:18.052716" elapsed="4.847054"/>
</kw>
<kw name="Go To" owner="SeleniumLibrary">
<msg time="2024-07-09T21:26:22.901150" level="INFO">Opening url 'https://ca-stg.marecrew.com/search?searchTerm=&amp;searchEntities=Seafarer'</msg>
<arg>https://ca-stg.marecrew.com/search?searchTerm=&amp;searchEntities=Seafarer</arg>
<doc>Navigates the current browser window to the provided ``url``.</doc>
<status status="PASS" start="2024-07-09T21:26:22.900547" elapsed="103.561808"/>
</kw>
<status status="PASS" start="2024-07-09T21:26:18.051864" elapsed="108.413759"/>
</kw>
<kw name="enter user credentials">
<kw name="Wait Until Element Is Visible" owner="SeleniumLibrary">
<msg time="2024-07-09T21:28:11.766997" level="INFO" html="true">&lt;/td&gt;&lt;/tr&gt;&lt;tr&gt;&lt;td colspan="3"&gt;&lt;a href="selenium-screenshot-1.png"&gt;&lt;img src="selenium-screenshot-1.png" width="800px"&gt;&lt;/a&gt;</msg>
<msg time="2024-07-09T21:28:11.767701" level="FAIL">Element 'id:password' not visible after 5 seconds.</msg>
<arg>id:password</arg>
<doc>Waits until the element ``locator`` is visible.</doc>
<status status="FAIL" start="2024-07-09T21:28:06.470534" elapsed="5.304392">Element 'id:password' not visible after 5 seconds.</status>
</kw>
<kw name="Input Text" owner="SeleniumLibrary">
<arg>id:username</arg>
<arg>userlevel5</arg>
<doc>Types the given ``text`` into the text field identified by ``locator``.</doc>
<status status="NOT RUN" start="2024-07-09T21:28:11.775397" elapsed="0.000687"/>
</kw>
<kw name="Input Password" owner="SeleniumLibrary">
<arg>id:password</arg>
<arg>Test1234!</arg>
<doc>Types the given password into the text field identified by ``locator``.</doc>
<status status="NOT RUN" start="2024-07-09T21:28:11.777553" elapsed="0.000155"/>
</kw>
<kw name="Click Button" owner="SeleniumLibrary">
<arg>xpath://button[@type='submit']</arg>
<doc>Clicks the button identified by ``locator``.</doc>
<status status="NOT RUN" start="2024-07-09T21:28:11.777984" elapsed="0.000104"/>
</kw>
<status status="FAIL" start="2024-07-09T21:28:06.468857" elapsed="5.309582">Element 'id:password' not visible after 5 seconds.</status>
</kw>
<kw name="validate user login successfully">
<status status="NOT RUN" start="2024-07-09T21:28:11.778925" elapsed="0.000299"/>
</kw>
<status status="FAIL" start="2024-07-09T21:26:18.051232" elapsed="113.728758">Element 'id:password' not visible after 5 seconds.</status>
</test>
<test id="s1-t2" name="validate successful login" line="11">
<kw name="open the website">
<kw name="Create Webdriver" owner="SeleniumLibrary">
<msg time="2024-07-09T21:28:11.783651" level="INFO">Creating an instance of the Firefox WebDriver.</msg>
<arg>Firefox</arg>
<doc>Creates an instance of Selenium WebDriver.</doc>
<status status="PASS" start="2024-07-09T21:28:11.783385" elapsed="4.516945"/>
</kw>
<kw name="Go To" owner="SeleniumLibrary">
<msg time="2024-07-09T21:28:16.302231" level="INFO">Opening url 'https://ca-stg.marecrew.com/search?searchTerm=&amp;searchEntities=Seafarer'</msg>
<arg>https://ca-stg.marecrew.com/search?searchTerm=&amp;searchEntities=Seafarer</arg>
<doc>Navigates the current browser window to the provided ``url``.</doc>
<status status="PASS" start="2024-07-09T21:28:16.301162" elapsed="10.390727"/>
</kw>
<status status="PASS" start="2024-07-09T21:28:11.783022" elapsed="14.909251"/>
</kw>
<kw name="enter invalid user credentials">
<kw name="Wait Until Element Is Visible" owner="SeleniumLibrary">
<arg>id:password</arg>
<doc>Waits until the element ``locator`` is visible.</doc>
<status status="PASS" start="2024-07-09T21:28:26.693583" elapsed="2.821167"/>
</kw>
<kw name="Input Text" owner="SeleniumLibrary">
<msg time="2024-07-09T21:28:29.515443" level="INFO">Typing text 'userlevel5' into text field 'id:username'.</msg>
<arg>id:username</arg>
<arg>userlevel5</arg>
<doc>Types the given ``text`` into the text field identified by ``locator``.</doc>
<status status="PASS" start="2024-07-09T21:28:29.515078" elapsed="0.062118"/>
</kw>
<kw name="Input Password" owner="SeleniumLibrary">
<msg time="2024-07-09T21:28:29.578113" level="INFO">Typing password into text field 'id:password'.</msg>
<msg time="2024-07-09T21:28:29.601411" level="INFO">Temporally setting log level to: NONE</msg>
<arg>id:password</arg>
<arg>Test1234</arg>
<doc>Types the given password into the text field identified by ``locator``.</doc>
<status status="PASS" start="2024-07-09T21:28:29.577595" elapsed="0.040089"/>
</kw>
<kw name="Click Button" owner="SeleniumLibrary">
<msg time="2024-07-09T21:28:29.618760" level="INFO">Clicking button 'xpath://button[@type='submit']'.</msg>
<arg>xpath://button[@type='submit']</arg>
<doc>Clicks the button identified by ``locator``.</doc>
<status status="PASS" start="2024-07-09T21:28:29.618140" elapsed="4.520191"/>
</kw>
<status status="PASS" start="2024-07-09T21:28:26.692843" elapsed="7.446222"/>
</kw>
<kw name="validate user login successfully">
<kw name="Wait Until Element Is Visible" owner="SeleniumLibrary">
<msg time="2024-07-09T21:28:39.397506" level="INFO" html="true">&lt;/td&gt;&lt;/tr&gt;&lt;tr&gt;&lt;td colspan="3"&gt;&lt;a href="selenium-screenshot-2.png"&gt;&lt;img src="selenium-screenshot-2.png" width="800px"&gt;&lt;/a&gt;</msg>
<msg time="2024-07-09T21:28:39.397723" level="FAIL">Element 'xpath://div[@data-testid='avatar-component']' not visible after 5 seconds.</msg>
<arg>xpath://div[@data-testid='avatar-component']</arg>
<doc>Waits until the element ``locator`` is visible.</doc>
<status status="FAIL" start="2024-07-09T21:28:34.140362" elapsed="5.258086">Element 'xpath://div[@data-testid='avatar-component']' not visible after 5 seconds.</status>
</kw>
<status status="FAIL" start="2024-07-09T21:28:34.139653" elapsed="5.259039">Element 'xpath://div[@data-testid='avatar-component']' not visible after 5 seconds.</status>
</kw>
<status status="FAIL" start="2024-07-09T21:28:11.782303" elapsed="27.616609">Element 'xpath://div[@data-testid='avatar-component']' not visible after 5 seconds.</status>
</test>
<doc>To validate login form</doc>
<status status="FAIL" start="2024-07-09T21:26:17.784986" elapsed="141.614628"/>
</suite>
<statistics>
<total>
<stat pass="0" fail="2" skip="0">All Tests</stat>
</total>
<tag>
</tag>
<suite>
<stat pass="0" fail="2" skip="0" id="s1" name="loginTest">loginTest</stat>
</suite>
</statistics>
<errors>
<msg time="2024-07-09T21:28:11.782047" level="WARN">Multiple tests with name 'validate successful login' executed in suite 'loginTest'.</msg>
</errors>
</robot>
